Arguments: 
  C:\Program Files\nodejs\node.exe C:\Users\hello\AppData\Roaming\npm\node_modules\yarn\bin\yarn.js add scrollscene scrollmagic

PATH: 
  C:\Users\hello\bin;C:\Program Files\Git\mingw64\bin;C:\Program Files\Git\usr\local\bin;C:\Program Files\Git\usr\bin;C:\Program Files\Git\usr\bin;C:\Program Files\Git\cmd;C:\Program Files\Git\usr\bin;C:\Program Files\ConEmu\ConEmu\Scripts;C:\Program Files\ConEmu;C:\Program Files\ConEmu\ConEmu;C:\ProgramData\DockerDesktop\version-bin;C:\Program Files\Docker\Docker\Resources\bin;C:\Python27;C:\Python27\Scripts;C:\WINDOWS\system32;C:\WINDOWS;C:\WINDOWS\System32\Wbem;C:\WINDOWS\System32\WindowsPowerShell\v1.0;C:\xampp\php;C:\composer;C:\Program Files\Git\cmd;C:\Program Files\Git\mingw64\bin;C:\Program Files\Git\usr\bin;C:\WINDOWS\System32\OpenSSH;C:\Program Files\PuTTY;C:\Program Files (x86)\Windows Kits\8.1\Windows Performance Toolkit;C:\Users\hello\AppData\Roaming\nvm;C:\Program Files\nodejs;C:\ProgramData\ComposerSetup\bin;C:\Program Files\Intel\WiFi\bin;C:\Program Files\Common Files\Intel\WirelessCommon;C:\Users\hello\AppData\Local\Microsoft\WindowsApps;C:\Users\hello\AppData\Roaming\Composer\vendor\bin;C:\Users\hello\AppData\Roaming\npm;C:\Users\hello\AppData\Roaming\nvm;C:\Program Files\nodejs;C:\Program Files\JetBrains\PhpStorm 2019.1.1\bin;C:\Program Files\Git\usr\bin\vendor_perl;C:\Program Files\Git\usr\bin\core_perl

Yarn version: 
  1.7.0

Node version: 
  11.10.1

Platform: 
  win32 x64

Trace: 
  Error: EPERM: operation not permitted, unlink 'C:\xampp\htdocs\applink\www\project\wp-content\themes\applink\node_modules\node-sass\vendor\win32-x64-67\binding.node'

npm manifest: 
  {
      "name": "applink",
      "version": "1.5.0",
      "description": "",
      "homepage": "",
      "scripts": {
          "start": "npm run clean-dist && webpack --config=webpack/dev.js",
          "build": "npm run clean-dist && webpack -p --config=webpack/prod.js",
          "clean-dist": "rimraf static/*",
          "icons": "icon-font-generator src/icons/*.svg -o src/fonts/wcd-icons -n wcd-icons --normalize true --tag span --center true",
          "format": "pretty-quick --check",
          "format:fix": "pretty-quick",
          "linter:js": "eslint src/js/**/*.js",
          "linter:js:fix": "eslint src/js/**/*.js --fix",
          "linter:css": "stylelint src/scss/**/*.scss --syntax scss",
          "linter:css:fix": "stylelint src/scss/**/*.scss --fix --syntax scss"
      },
      "keywords": [],
      "author": "WeCode",
      "contributors": [],
      "license": "MIT",
      "engines": {
          "node": ">=8.9.0"
      },
      "dependencies": {
          "autoprefixer": "^9.6.1",
          "gsap": "^3.1.1",
          "icon-font-generator": "^2.1.10",
          "imports-loader": "^0.8.0",
          "scrollmagic": "^2.0.7",
          "scrollmagic-plugin-gsap": "^1.0.4",
          "twig": "^1.14.0"
      },
      "devDependencies": {
          "@babel/core": "^7.5.5",
          "@babel/plugin-proposal-class-properties": "^7.7.0",
          "@babel/preset-env": "^7.5.5",
          "acorn": "^7.1.0",
          "ajv": "^6.10.2",
          "babel-eslint": "^10.0.3",
          "babel-loader": "^8.0.6",
          "bootstrap": "^4.3.1",
          "browser-sync": "^2.26.7",
          "browser-sync-webpack-plugin": "^2.2.2",
          "clean-webpack-plugin": "^3.0.0",
          "copy-webpack-plugin": "^5.0.3",
          "cross-env": "^5.2.0",
          "css-loader": "^3.1.0",
          "cssnano": "^4.1.10",
          "eslint": "^5.16.0",
          "eslint-config-airbnb": "^17.1.1",
          "eslint-config-prettier": "^6.7.0",
          "eslint-config-wordpress": "^2.0.0",
          "eslint-plugin-import": "^2.18.2",
          "eslint-plugin-jsx-a11y": "^6.2.3",
          "eslint-plugin-prettier": "^3.1.1",
          "eslint-plugin-react": "^7.14.3",
          "file-loader": "^4.3.0",
          "fs": "0.0.1-security",
          "html-webpack-plugin": "^3.2.0",
          "iconfont-plugin-webpack": "^1.1.4",
          "image-webpack-loader": "^6.0.0",
          "imagemin-webpack-plugin": "^2.4.2",
          "jquery": "^3.4.1",
          "mini-css-extract-plugin": "^0.9.0",
          "node-sass": "^4.12.0",
          "optimize-css-assets-webpack-plugin": "^5.0.3",
          "postcss-loader": "^3.0.0",
          "prettier": "^1.19.1",
          "pretty-quick": "^2.0.1",
          "sass-lint": "^1.13.1",
          "sass-loader": "^7.1.0",
          "slick-carousel": "^1.8.1",
          "style-loader": "^0.23.1",
          "stylelint": "^12.0.0",
          "stylelint-config-wordpress": "^15.0.0",
          "stylelint-order": "^3.1.1",
          "stylelint-webpack-plugin": "^1.1.2",
          "terser-webpack-plugin": "^1.3.0",
          "tiny-slider": "^2.9.2",
          "uglifyjs-webpack-plugin": "^2.2.0",
          "url-loader": "^2.1.0",
          "webpack": "^4.38.0",
          "webpack-cli": "^3.3.6",
          "webpack-dev-server": "^3.10.1",
          "webpack-merge": "^4.2.2"
      }
  }

yarn manifest: 
  No manifest

Lockfile: 
  No lockfile
